  [1m[35m (9.5ms)[0m  [1m[35mSET NAMES utf8mb4,  @@SESSION.sql_mode = CONCAT(CONCAT(@@sql_mode, ',STRICT_ALL_TABLES'), ',NO_AUTO_VALUE_ON_ZERO'),  @@SESSION.sql_auto_is_null = 0, @@SESSION.wait_timeout = 2147483[0m
  [1m[35m (2.3ms)[0m  [1m[35mCREATE DATABASE `first_app_development` DEFAULT CHARACTER SET `utf8mb4`[0m
  [1m[35m (0.2ms)[0m  [1m[35mSET NAMES utf8mb4,  @@SESSION.sql_mode = CONCAT(CONCAT(@@sql_mode, ',STRICT_ALL_TABLES'), ',NO_AUTO_VALUE_ON_ZERO'),  @@SESSION.sql_auto_is_null = 0, @@SESSION.wait_timeout = 2147483[0m
  [1m[35m (0.6ms)[0m  [1m[35mCREATE DATABASE `first_app_test` DEFAULT CHARACTER SET `utf8mb4`[0m
Started GET "/" for ::1 at 2020-07-10 18:31:54 +0900
  [1m[35m (1.4ms)[0m  [1m[35mSET NAMES utf8mb4,  @@SESSION.sql_mode = CONCAT(CONCAT(@@sql_mode, ',STRICT_ALL_TABLES'), ',NO_AUTO_VALUE_ON_ZERO'),  @@SESSION.sql_auto_is_null = 0, @@SESSION.wait_timeout = 2147483[0m
Processing by Rails::WelcomeController#index as HTML
  Rendering /Users/reichima/.rbenv/versions/2.6.5/lib/ruby/gems/2.6.0/gems/railties-6.0.3.2/lib/rails/templates/rails/welcome/index.html.erb
  Rendered /Users/reichima/.rbenv/versions/2.6.5/lib/ruby/gems/2.6.0/gems/railties-6.0.3.2/lib/rails/templates/rails/welcome/index.html.erb (Duration: 19.8ms | Allocations: 482)
Completed 200 OK in 39ms (Views: 28.2ms | ActiveRecord: 0.0ms | Allocations: 2823)


Started GET "/" for ::1 at 2020-07-12 16:17:40 +0900
  [1m[35m (1.8ms)[0m  [1m[35mSET NAMES utf8mb4,  @@SESSION.sql_mode = CONCAT(CONCAT(@@sql_mode, ',STRICT_ALL_TABLES'), ',NO_AUTO_VALUE_ON_ZERO'),  @@SESSION.sql_auto_is_null = 0, @@SESSION.wait_timeout = 2147483[0m
Processing by Rails::WelcomeController#index as HTML
  Rendering /Users/reichima/.rbenv/versions/2.6.5/lib/ruby/gems/2.6.0/gems/railties-6.0.3.2/lib/rails/templates/rails/welcome/index.html.erb
  Rendered /Users/reichima/.rbenv/versions/2.6.5/lib/ruby/gems/2.6.0/gems/railties-6.0.3.2/lib/rails/templates/rails/welcome/index.html.erb (Duration: 17.9ms | Allocations: 309)
Completed 200 OK in 36ms (Views: 27.9ms | ActiveRecord: 0.0ms | Allocations: 1729)


Started GET "/posts" for ::1 at 2020-07-12 16:17:52 +0900
Processing by PostsController#index as HTML
  Rendering posts/index.html.erb within layouts/application
  Rendered posts/index.html.erb within layouts/application (Duration: 0.8ms | Allocations: 104)
[Webpacker] Compiling...
Started GET "/posts" for ::1 at 2020-07-12 16:17:57 +0900
  [1m[35m (0.3ms)[0m  [1m[35mSET NAMES utf8mb4,  @@SESSION.sql_mode = CONCAT(CONCAT(@@sql_mode, ',STRICT_ALL_TABLES'), ',NO_AUTO_VALUE_ON_ZERO'),  @@SESSION.sql_auto_is_null = 0, @@SESSION.wait_timeout = 2147483[0m
Processing by PostsController#index as HTML
  Rendering posts/index.html.erb within layouts/application
  Rendered posts/index.html.erb within layouts/application (Duration: 0.0ms | Allocations: 6)
[Webpacker] Compiling...
[Webpacker] Compiled all packs in /Users/reichima/project/first_app/public/packs
[Webpacker] Hash: 15d1bb7b54cf6326b9ba
Version: webpack 4.43.0
Time: 2957ms
Built at: 2020/07/12 16:17:59
                                     Asset       Size       Chunks                         Chunk Names
    js/application-9afcbb5693aa87623e69.js    124 KiB  application  [emitted] [immutable]  application
js/application-9afcbb5693aa87623e69.js.map    139 KiB  application  [emitted] [dev]        application
                             manifest.json  364 bytes               [emitted]              
Entrypoint application = js/application-9afcbb5693aa87623e69.js js/application-9afcbb5693aa87623e69.js.map
[./app/javascript/channels sync recursive _channel\.js$] ./app/javascript/channels sync _channel\.js$ 160 bytes {application} [built]
[./app/javascript/channels/index.js] 211 bytes {application} [built]
[./app/javascript/packs/application.js] 749 bytes {application} [built]
[./node_modules/webpack/buildin/module.js] (webpack)/buildin/module.js 552 bytes {application} [built]
    + 3 hidden modules

Completed 200 OK in 6887ms (Views: 6885.5ms | ActiveRecord: 0.0ms | Allocations: 1407227)


[Webpacker] Compiled all packs in /Users/reichima/project/first_app/public/packs
[Webpacker] Hash: 15d1bb7b54cf6326b9ba
Version: webpack 4.43.0
Time: 873ms
Built at: 2020/07/12 16:18:00
                                     Asset       Size       Chunks                         Chunk Names
    js/application-9afcbb5693aa87623e69.js    124 KiB  application  [emitted] [immutable]  application
js/application-9afcbb5693aa87623e69.js.map    139 KiB  application  [emitted] [dev]        application
                             manifest.json  364 bytes               [emitted]              
Entrypoint application = js/application-9afcbb5693aa87623e69.js js/application-9afcbb5693aa87623e69.js.map
[./app/javascript/channels sync recursive _channel\.js$] ./app/javascript/channels sync _channel\.js$ 160 bytes {application} [built]
[./app/javascript/channels/index.js] 211 bytes {application} [built]
[./app/javascript/packs/application.js] 749 bytes {application} [built]
[./node_modules/webpack/buildin/module.js] (webpack)/buildin/module.js 552 bytes {application} [built]
    + 3 hidden modules

Completed 200 OK in 2863ms (Views: 2862.2ms | ActiveRecord: 0.0ms | Allocations: 7738)


  [1m[35m (0.4ms)[0m  [1m[35mSET NAMES utf8mb4,  @@SESSION.sql_mode = CONCAT(CONCAT(@@sql_mode, ',STRICT_ALL_TABLES'), ',NO_AUTO_VALUE_ON_ZERO'),  @@SESSION.sql_auto_is_null = 0, @@SESSION.wait_timeout = 2147483[0m
  [1m[35m (0.1ms)[0m  [1m[34mSELECT @@innodb_file_per_table = 1 AND @@innodb_file_format = 'Barracuda'[0m
  [1m[35m (26.3ms)[0m  [1m[35mCREATE TABLE `schema_migrations` (`version` varchar(255) COLLATE utf8_general_ci NOT NULL PRIMARY KEY)[0m
  [1m[35m (14.6ms)[0m  [1m[35mCREATE TABLE `ar_internal_metadata` (`key` varchar(255) COLLATE utf8_general_ci NOT NULL PRIMARY KEY, `value` varchar(255), `created_at` datetime(6) NOT NULL, `updated_at` datetime(6) NOT NULL)[0m
  [1m[35m (0.2ms)[0m  [1m[35mSET NAMES utf8mb4,  @@SESSION.sql_mode = CONCAT(CONCAT(@@sql_mode, ',STRICT_ALL_TABLES'), ',NO_AUTO_VALUE_ON_ZERO'),  @@SESSION.sql_auto_is_null = 0, @@SESSION.wait_timeout = 2147483[0m
  [1m[35m (0.1ms)[0m  [1m[34mSELECT GET_LOCK('1785429997132287975', 0)[0m
  [1m[35m (0.2ms)[0m  [1m[34mSELECT `schema_migrations`.`version` FROM `schema_migrations` ORDER BY `schema_migrations`.`version` ASC[0m
Migrating to CreatePosts (20200712074420)
  [1m[35m (14.3ms)[0m  [1m[35mCREATE TABLE `posts` (`id` bigint NOT NULL AUTO_INCREMENT PRIMARY KEY, `memo` text, `created_at` datetime(6) NOT NULL, `updated_at` datetime(6) NOT NULL)[0m
  [1m[35m (0.1ms)[0m  [1m[35mBEGIN[0m
  [1m[36mprimary::SchemaMigration Create (0.2ms)[0m  [1m[32mINSERT INTO `schema_migrations` (`version`) VALUES ('20200712074420')[0m
  [1m[35m (0.5ms)[0m  [1m[35mCOMMIT[0m
  [1m[36mActiveRecord::InternalMetadata Load (0.3ms)[0m  [1m[34mSELECT `ar_internal_metadata`.* FROM `ar_internal_metadata` WHERE `ar_internal_metadata`.`key` = 'environment' LIMIT 1[0m
  [1m[35m (0.1ms)[0m  [1m[35mBEGIN[0m
  [1m[36mActiveRecord::InternalMetadata Create (0.2ms)[0m  [1m[32mINSERT INTO `ar_internal_metadata` (`key`, `value`, `created_at`, `updated_at`) VALUES ('environment', 'development', '2020-07-12 08:06:37.948118', '2020-07-12 08:06:37.948118')[0m
  [1m[35m (0.4ms)[0m  [1m[35mCOMMIT[0m
  [1m[35m (0.2ms)[0m  [1m[34mSELECT RELEASE_LOCK('1785429997132287975')[0m
  [1m[35m (0.2ms)[0m  [1m[35mSET NAMES utf8mb4,  @@SESSION.sql_mode = CONCAT(CONCAT(@@sql_mode, ',STRICT_ALL_TABLES'), ',NO_AUTO_VALUE_ON_ZERO'),  @@SESSION.sql_auto_is_null = 0, @@SESSION.wait_timeout = 2147483[0m
  [1m[35m (0.3ms)[0m  [1m[34mSELECT `schema_migrations`.`version` FROM `schema_migrations` ORDER BY `schema_migrations`.`version` ASC[0m
  [1m[35m (0.4ms)[0m  [1m[35mSET NAMES utf8mb4,  @@SESSION.sql_mode = CONCAT(CONCAT(@@sql_mode, ',STRICT_ALL_TABLES'), ',NO_AUTO_VALUE_ON_ZERO'),  @@SESSION.sql_auto_is_null = 0, @@SESSION.wait_timeout = 2147483[0m
  [1m[35m (0.3ms)[0m  [1m[34mSELECT `schema_migrations`.`version` FROM `schema_migrations` ORDER BY `schema_migrations`.`version` ASC[0m
  [1m[35m (0.5ms)[0m  [1m[35mSET NAMES utf8mb4,  @@SESSION.sql_mode = CONCAT(CONCAT(@@sql_mode, ',STRICT_ALL_TABLES'), ',NO_AUTO_VALUE_ON_ZERO'),  @@SESSION.sql_auto_is_null = 0, @@SESSION.wait_timeout = 2147483[0m
  [1m[35m (0.2ms)[0m  [1m[34mSELECT `schema_migrations`.`version` FROM `schema_migrations` ORDER BY `schema_migrations`.`version` ASC[0m
  [1m[35m (0.2ms)[0m  [1m[34mSELECT `schema_migrations`.`version` FROM `schema_migrations` ORDER BY `schema_migrations`.`version` ASC[0m
  [1m[35m (0.1ms)[0m  [1m[34mSELECT `schema_migrations`.`version` FROM `schema_migrations` ORDER BY `schema_migrations`.`version` ASC[0m
  [1m[35m (0.1ms)[0m  [1m[35mSET NAMES utf8mb4,  @@SESSION.sql_mode = CONCAT(CONCAT(@@sql_mode, ',STRICT_ALL_TABLES'), ',NO_AUTO_VALUE_ON_ZERO'),  @@SESSION.sql_auto_is_null = 0, @@SESSION.wait_timeout = 2147483[0m
  [1m[35m (0.1ms)[0m  [1m[34mSELECT GET_LOCK('1785429997132287975', 0)[0m
  [1m[35m (0.2ms)[0m  [1m[34mSELECT `schema_migrations`.`version` FROM `schema_migrations` ORDER BY `schema_migrations`.`version` ASC[0m
Migrating to CreatePosts (20200712074420)
  [1m[35m (10.8ms)[0m  [1m[35mDROP TABLE `posts`[0m
  [1m[36mprimary::SchemaMigration Destroy (3.9ms)[0m  [1m[31mDELETE FROM `schema_migrations` WHERE `schema_migrations`.`version` = '20200712074420'[0m
  [1m[35m (0.2ms)[0m  [1m[34mSELECT RELEASE_LOCK('1785429997132287975')[0m
  [1m[35m (0.1ms)[0m  [1m[35mSET NAMES utf8mb4,  @@SESSION.sql_mode = CONCAT(CONCAT(@@sql_mode, ',STRICT_ALL_TABLES'), ',NO_AUTO_VALUE_ON_ZERO'),  @@SESSION.sql_auto_is_null = 0, @@SESSION.wait_timeout = 2147483[0m
  [1m[35m (0.1ms)[0m  [1m[34mSELECT `schema_migrations`.`version` FROM `schema_migrations` ORDER BY `schema_migrations`.`version` ASC[0m
  [1m[35m (0.6ms)[0m  [1m[35mSET NAMES utf8mb4,  @@SESSION.sql_mode = CONCAT(CONCAT(@@sql_mode, ',STRICT_ALL_TABLES'), ',NO_AUTO_VALUE_ON_ZERO'),  @@SESSION.sql_auto_is_null = 0, @@SESSION.wait_timeout = 2147483[0m
  [1m[35m (0.2ms)[0m  [1m[34mSELECT `schema_migrations`.`version` FROM `schema_migrations` ORDER BY `schema_migrations`.`version` ASC[0m
  [1m[35m (0.4ms)[0m  [1m[35mSET NAMES utf8mb4,  @@SESSION.sql_mode = CONCAT(CONCAT(@@sql_mode, ',STRICT_ALL_TABLES'), ',NO_AUTO_VALUE_ON_ZERO'),  @@SESSION.sql_auto_is_null = 0, @@SESSION.wait_timeout = 2147483[0m
  [1m[35m (0.1ms)[0m  [1m[35mSET NAMES utf8mb4,  @@SESSION.sql_mode = CONCAT(CONCAT(@@sql_mode, ',STRICT_ALL_TABLES'), ',NO_AUTO_VALUE_ON_ZERO'),  @@SESSION.sql_auto_is_null = 0, @@SESSION.wait_timeout = 2147483[0m
  [1m[35m (0.1ms)[0m  [1m[34mSELECT GET_LOCK('1785429997132287975', 0)[0m
  [1m[35m (0.2ms)[0m  [1m[34mSELECT `schema_migrations`.`version` FROM `schema_migrations` ORDER BY `schema_migrations`.`version` ASC[0m
Migrating to CreatePosts (20200712074420)
  [1m[35m (0.2ms)[0m  [1m[34mSELECT @@innodb_file_per_table = 1 AND @@innodb_file_format = 'Barracuda'[0m
  [1m[35m (10.5ms)[0m  [1m[35mCREATE TABLE `posts` (`id` bigint NOT NULL AUTO_INCREMENT PRIMARY KEY, `content` text, `created_at` datetime(6) NOT NULL, `updated_at` datetime(6) NOT NULL)[0m
  [1m[35m (0.1ms)[0m  [1m[35mBEGIN[0m
  [1m[36mprimary::SchemaMigration Create (0.2ms)[0m  [1m[32mINSERT INTO `schema_migrations` (`version`) VALUES ('20200712074420')[0m
  [1m[35m (0.8ms)[0m  [1m[35mCOMMIT[0m
  [1m[36mActiveRecord::InternalMetadata Load (0.2ms)[0m  [1m[34mSELECT `ar_internal_metadata`.* FROM `ar_internal_metadata` WHERE `ar_internal_metadata`.`key` = 'environment' LIMIT 1[0m
  [1m[35m (0.2ms)[0m  [1m[34mSELECT RELEASE_LOCK('1785429997132287975')[0m
  [1m[35m (0.1ms)[0m  [1m[35mSET NAMES utf8mb4,  @@SESSION.sql_mode = CONCAT(CONCAT(@@sql_mode, ',STRICT_ALL_TABLES'), ',NO_AUTO_VALUE_ON_ZERO'),  @@SESSION.sql_auto_is_null = 0, @@SESSION.wait_timeout = 2147483[0m
  [1m[35m (0.2ms)[0m  [1m[34mSELECT `schema_migrations`.`version` FROM `schema_migrations` ORDER BY `schema_migrations`.`version` ASC[0m
  [1m[35m (8.0ms)[0m  [1m[35mSET NAMES utf8mb4,  @@SESSION.sql_mode = CONCAT(CONCAT(@@sql_mode, ',STRICT_ALL_TABLES'), ',NO_AUTO_VALUE_ON_ZERO'),  @@SESSION.sql_auto_is_null = 0, @@SESSION.wait_timeout = 2147483[0m
  [1m[35m (0.2ms)[0m  [1m[35mBEGIN[0m
  [1m[36mPost Create (0.2ms)[0m  [1m[32mINSERT INTO `posts` (`content`, `created_at`, `updated_at`) VALUES ('ã“ã‚“ã«ã¡ã¯ï¼', '2020-07-12 12:20:49.601899', '2020-07-12 12:20:49.601899')[0m
  [1m[35m (5.3ms)[0m  [1m[35mCOMMIT[0m
  [1m[35m (0.8ms)[0m  [1m[35mSET NAMES utf8mb4,  @@SESSION.sql_mode = CONCAT(CONCAT(@@sql_mode, ',STRICT_ALL_TABLES'), ',NO_AUTO_VALUE_ON_ZERO'),  @@SESSION.sql_auto_is_null = 0, @@SESSION.wait_timeout = 2147483[0m
  [1m[36mPost Load (2.4ms)[0m  [1m[34mSELECT `posts`.* FROM `posts` LIMIT 11[0m
  [1m[36mPost Load (1.5ms)[0m  [1m[34mSELECT `posts`.* FROM `posts` WHERE `posts`.`id` = 1 LIMIT 1[0m
  [1m[36mPost Load (0.4ms)[0m  [1m[34mSELECT `posts`.* FROM `posts` WHERE `posts`.`id` = 1 LIMIT 1[0m
Started GET "/posts" for ::1 at 2020-07-13 00:53:06 +0900
  [1m[35m (4.6ms)[0m  [1m[35mSET NAMES utf8mb4,  @@SESSION.sql_mode = CONCAT(CONCAT(@@sql_mode, ',STRICT_ALL_TABLES'), ',NO_AUTO_VALUE_ON_ZERO'),  @@SESSION.sql_auto_is_null = 0, @@SESSION.wait_timeout = 2147483[0m
  [1m[35m (0.8ms)[0m  [1m[34mSELECT `schema_migrations`.`version` FROM `schema_migrations` ORDER BY `schema_migrations`.`version` ASC[0m
Processing by PostsController#index as HTML
  [1m[36mPost Load (4.8ms)[0m  [1m[34mSELECT `posts`.* FROM `posts` WHERE `posts`.`id` = 1 LIMIT 1[0m
  â†³ app/controllers/posts_controller.rb:3:in `index'
  Rendering posts/index.html.erb within layouts/application
  Rendered posts/index.html.erb within layouts/application (Duration: 4.6ms | Allocations: 222)
[Webpacker] Everything's up-to-date. Nothing to do
Completed 200 OK in 2068ms (Views: 2032.3ms | ActiveRecord: 13.1ms | Allocations: 1398002)


Started GET "/posts" for ::1 at 2020-07-13 01:02:25 +0900
  [1m[35m (0.2ms)[0m  [1m[35mSET NAMES utf8mb4,  @@SESSION.sql_mode = CONCAT(CONCAT(@@sql_mode, ',STRICT_ALL_TABLES'), ',NO_AUTO_VALUE_ON_ZERO'),  @@SESSION.sql_auto_is_null = 0, @@SESSION.wait_timeout = 2147483[0m
Processing by PostsController#index as HTML
  Rendering posts/index.html.erb within layouts/application
  [1m[36mPost Load (0.5ms)[0m  [1m[34mSELECT `posts`.* FROM `posts`[0m
  â†³ app/views/posts/index.html.erb:2
  Rendered posts/index.html.erb within layouts/application (Duration: 9.0ms | Allocations: 3590)
[Webpacker] Everything's up-to-date. Nothing to do
Completed 200 OK in 43ms (Views: 38.1ms | ActiveRecord: 0.5ms | Allocations: 9821)


Started GET "/posts" for ::1 at 2020-07-13 01:06:16 +0900
Processing by PostsController#index as HTML
  Rendering posts/index.html.erb within layouts/application
  [1m[36mPost Load (0.3ms)[0m  [1m[34mSELECT `posts`.* FROM `posts`[0m
  â†³ app/views/posts/index.html.erb:2
  Rendered posts/index.html.erb within layouts/application (Duration: 2.6ms | Allocations: 865)
[Webpacker] Everything's up-to-date. Nothing to do
Completed 200 OK in 50ms (Views: 48.7ms | ActiveRecord: 0.3ms | Allocations: 10590)


Started GET "/posts/new" for ::1 at 2020-07-13 12:38:46 +0900
  [1m[35m (0.5ms)[0m  [1m[35mSET NAMES utf8mb4,  @@SESSION.sql_mode = CONCAT(CONCAT(@@sql_mode, ',STRICT_ALL_TABLES'), ',NO_AUTO_VALUE_ON_ZERO'),  @@SESSION.sql_auto_is_null = 0, @@SESSION.wait_timeout = 2147483[0m
  [1m[35m (0.2ms)[0m  [1m[34mSELECT `schema_migrations`.`version` FROM `schema_migrations` ORDER BY `schema_migrations`.`version` ASC[0m
Processing by PostsController#new as HTML
  Rendering posts/new.html.erb within layouts/application
  Rendered posts/new.html.erb within layouts/application (Duration: 1.6ms | Allocations: 204)
[Webpacker] Everything's up-to-date. Nothing to do
Completed 200 OK in 1327ms (Views: 1312.9ms | ActiveRecord: 0.0ms | Allocations: 1396354)


Started GET "/posts/new" for ::1 at 2020-07-13 12:49:14 +0900
  [1m[35m (0.3ms)[0m  [1m[35mSET NAMES utf8mb4,  @@SESSION.sql_mode = CONCAT(CONCAT(@@sql_mode, ',STRICT_ALL_TABLES'), ',NO_AUTO_VALUE_ON_ZERO'),  @@SESSION.sql_auto_is_null = 0, @@SESSION.wait_timeout = 2147483[0m
Processing by PostsController#new as HTML
  Rendering posts/new.html.erb within layouts/application
  Rendered posts/new.html.erb within layouts/application (Duration: 14.9ms | Allocations: 2853)
[Webpacker] Everything's up-to-date. Nothing to do
Completed 200 OK in 29ms (Views: 27.5ms | ActiveRecord: 0.0ms | Allocations: 9392)


Started GET "/posts" for ::1 at 2020-07-13 12:51:07 +0900
Processing by PostsController#index as HTML
  Rendering posts/index.html.erb within layouts/application
  [1m[36mPost Load (0.6ms)[0m  [1m[34mSELECT `posts`.* FROM `posts`[0m
  â†³ app/views/posts/index.html.erb:3
  Rendered posts/index.html.erb within layouts/application (Duration: 15.3ms | Allocations: 4058)
[Webpacker] Everything's up-to-date. Nothing to do
Completed 200 OK in 75ms (Views: 54.6ms | ActiveRecord: 5.9ms | Allocations: 12640)


Started GET "/posts/new" for ::1 at 2020-07-13 12:51:09 +0900
Processing by PostsController#new as HTML
  Rendering posts/new.html.erb within layouts/application
  Rendered posts/new.html.erb within layouts/application (Duration: 1.6ms | Allocations: 818)
[Webpacker] Everything's up-to-date. Nothing to do
Completed 200 OK in 14ms (Views: 12.2ms | ActiveRecord: 0.0ms | Allocations: 6568)


  [1m[35m (9.8ms)[0m  [1m[35mSET NAMES utf8mb4,  @@SESSION.sql_mode = CONCAT(CONCAT(@@sql_mode, ',STRICT_ALL_TABLES'), ',NO_AUTO_VALUE_ON_ZERO'),  @@SESSION.sql_auto_is_null = 0, @@SESSION.wait_timeout = 2147483[0m
  [1m[35m (1.4ms)[0m  [1m[35mCREATE DATABASE `ajax_app_development` DEFAULT CHARACTER SET `utf8mb4`[0m
  [1m[35m (0.2ms)[0m  [1m[35mSET NAMES utf8mb4,  @@SESSION.sql_mode = CONCAT(CONCAT(@@sql_mode, ',STRICT_ALL_TABLES'), ',NO_AUTO_VALUE_ON_ZERO'),  @@SESSION.sql_auto_is_null = 0, @@SESSION.wait_timeout = 2147483[0m
  [1m[35m (0.6ms)[0m  [1m[35mCREATE DATABASE `ajax_app_test` DEFAULT CHARACTER SET `utf8mb4`[0m
  [1m[35m (0.5ms)[0m  [1m[35mSET NAMES utf8mb4,  @@SESSION.sql_mode = CONCAT(CONCAT(@@sql_mode, ',STRICT_ALL_TABLES'), ',NO_AUTO_VALUE_ON_ZERO'),  @@SESSION.sql_auto_is_null = 0, @@SESSION.wait_timeout = 2147483[0m
  [1m[35m (0.2ms)[0m  [1m[34mSELECT @@innodb_file_per_table = 1 AND @@innodb_file_format = 'Barracuda'[0m
  [1m[35m (24.3ms)[0m  [1m[35mCREATE TABLE `schema_migrations` (`version` varchar(255) COLLATE utf8_general_ci NOT NULL PRIMARY KEY)[0m
  [1m[35m (8.5ms)[0m  [1m[35mCREATE TABLE `ar_internal_metadata` (`key` varchar(255) COLLATE utf8_general_ci NOT NULL PRIMARY KEY, `value` varchar(255), `created_at` datetime(6) NOT NULL, `updated_at` datetime(6) NOT NULL)[0m
  [1m[35m (0.2ms)[0m  [1m[35mSET NAMES utf8mb4,  @@SESSION.sql_mode = CONCAT(CONCAT(@@sql_mode, ',STRICT_ALL_TABLES'), ',NO_AUTO_VALUE_ON_ZERO'),  @@SESSION.sql_auto_is_null = 0, @@SESSION.wait_timeout = 2147483[0m
  [1m[35m (7.0ms)[0m  [1m[34mSELECT GET_LOCK('7209158273134045305', 0)[0m
  [1m[35m (1.5ms)[0m  [1m[34mSELECT `schema_migrations`.`version` FROM `schema_migrations` ORDER BY `schema_migrations`.`version` ASC[0m
Migrating to CreatePosts (20200712074420)
  [1m[35m (10.5ms)[0m  [1m[35mCREATE TABLE `posts` (`id` bigint NOT NULL AUTO_INCREMENT PRIMARY KEY, `content` text, `checked` tinyint(1), `created_at` datetime(6) NOT NULL, `updated_at` datetime(6) NOT NULL)[0m
  [1m[35m (0.6ms)[0m  [1m[35mBEGIN[0m
  [1m[36mprimary::SchemaMigration Create (1.7ms)[0m  [1m[32mINSERT INTO `schema_migrations` (`version`) VALUES ('20200712074420')[0m
  [1m[35m (1.2ms)[0m  [1m[35mCOMMIT[0m
  [1m[36mActiveRecord::InternalMetadata Load (0.8ms)[0m  [1m[34mSELECT `ar_internal_metadata`.* FROM `ar_internal_metadata` WHERE `ar_internal_metadata`.`key` = 'environment' LIMIT 1[0m
  [1m[35m (0.2ms)[0m  [1m[35mBEGIN[0m
  [1m[36mActiveRecord::InternalMetadata Create (3.6ms)[0m  [1m[32mINSERT INTO `ar_internal_metadata` (`key`, `value`, `created_at`, `updated_at`) VALUES ('environment', 'development', '2020-08-05 09:46:31.341411', '2020-08-05 09:46:31.341411')[0m
  [1m[35m (0.5ms)[0m  [1m[35mCOMMIT[0m
  [1m[35m (0.2ms)[0m  [1m[34mSELECT RELEASE_LOCK('7209158273134045305')[0m
  [1m[35m (0.1ms)[0m  [1m[35mSET NAMES utf8mb4,  @@SESSION.sql_mode = CONCAT(CONCAT(@@sql_mode, ',STRICT_ALL_TABLES'), ',NO_AUTO_VALUE_ON_ZERO'),  @@SESSION.sql_auto_is_null = 0, @@SESSION.wait_timeout = 2147483[0m
  [1m[35m (0.6ms)[0m  [1m[34mSELECT `schema_migrations`.`version` FROM `schema_migrations` ORDER BY `schema_migrations`.`version` ASC[0m
Started GET "/" for ::1 at 2020-08-06 16:32:34 +0900
  [1m[35m (14.4ms)[0m  [1m[35mSET NAMES utf8mb4,  @@SESSION.sql_mode = CONCAT(CONCAT(@@sql_mode, ',STRICT_ALL_TABLES'), ',NO_AUTO_VALUE_ON_ZERO'),  @@SESSION.sql_auto_is_null = 0, @@SESSION.wait_timeout = 2147483[0m
  [1m[35m (15.7ms)[0m  [1m[34mSELECT `schema_migrations`.`version` FROM `schema_migrations` ORDER BY `schema_migrations`.`version` ASC[0m
Processing by PostsController#index as HTML
  Rendering posts/index.html.erb within layouts/application
  [1m[36mPost Load (0.5ms)[0m  [1m[34mSELECT `posts`.* FROM `posts` ORDER BY `posts`.`id` DESC[0m
  â†³ app/views/posts/index.html.erb:7
  Rendered posts/index.html.erb within layouts/application (Duration: 12.7ms | Allocations: 1926)
[Webpacker] Compiling...
[Webpacker] Compiled all packs in /Users/reichima/project/AjaxApp/public/packs
[Webpacker] Hash: 741fcc0b7319160acb06
Version: webpack 4.43.0
Time: 2172ms
Built at: 2020/08/06 16:32:41
                                     Asset       Size       Chunks                         Chunk Names
    js/application-16c82bebd8e1f664d586.js    125 KiB  application  [emitted] [immutable]  application
js/application-16c82bebd8e1f664d586.js.map    140 KiB  application  [emitted] [dev]        application
                             manifest.json  364 bytes               [emitted]              
Entrypoint application = js/application-16c82bebd8e1f664d586.js js/application-16c82bebd8e1f664d586.js.map
[./app/javascript/channels sync recursive _channel\.js$] ./app/javascript/channels sync _channel\.js$ 160 bytes {application} [built]
[./app/javascript/channels/index.js] 211 bytes {application} [built]
[./app/javascript/checked.js] 425 bytes {application} [built]
[./app/javascript/memo.js] 0 bytes {application} [built]
[./app/javascript/packs/application.js] 794 bytes {application} [built]
[./node_modules/webpack/buildin/module.js] (webpack)/buildin/module.js 552 bytes {application} [built]
    + 3 hidden modules

Completed 200 OK in 6813ms (Views: 6793.3ms | ActiveRecord: 5.9ms | Allocations: 1398287)


Started POST "/posts" for ::1 at 2020-08-06 16:32:51 +0900
Processing by PostsController#create as JS
  Parameters: {"authenticity_token"=>"LV9fBX+ehVM1hZqSFHpz79Q7bXN/302HlWQSsINowMdk4wF4qpPFPwGe10dsx5rl6r/OH5f7uXd2it5478G+TQ==", "content"=>"ã‚‚ã†é£Ÿã¹ã¾ã—ãŸ", "commit"=>"æŠ•ç¨¿ã™ã‚‹"}
  [1m[35m (0.1ms)[0m  [1m[35mBEGIN[0m
  â†³ app/controllers/posts_controller.rb:9:in `create'
  [1m[36mPost Create (8.5ms)[0m  [1m[32mINSERT INTO `posts` (`content`, `created_at`, `updated_at`) VALUES ('ã‚‚ã†é£Ÿã¹ã¾ã—ãŸ', '2020-08-06 07:32:51.855070', '2020-08-06 07:32:51.855070')[0m
  â†³ app/controllers/posts_controller.rb:9:in `create'
  [1m[35m (13.6ms)[0m  [1m[35mCOMMIT[0m
  â†³ app/controllers/posts_controller.rb:9:in `create'
Redirected to http://localhost:3000/
Completed 200 OK in 32ms (ActiveRecord: 23.2ms | Allocations: 6650)


Started GET "/" for ::1 at 2020-08-06 16:32:51 +0900
Processing by PostsController#index as HTML
  Rendering posts/index.html.erb within layouts/application
  [1m[36mPost Load (42.2ms)[0m  [1m[34mSELECT `posts`.* FROM `posts` ORDER BY `posts`.`id` DESC[0m
  â†³ app/views/posts/index.html.erb:7
  Rendered posts/index.html.erb within layouts/application (Duration: 45.1ms | Allocations: 1401)
[Webpacker] Everything's up-to-date. Nothing to do
Completed 200 OK in 58ms (Views: 14.5ms | ActiveRecord: 42.2ms | Allocations: 7176)


Started POST "/posts" for ::1 at 2020-08-06 16:40:43 +0900
  [1m[35m (0.2ms)[0m  [1m[35mSET NAMES utf8mb4,  @@SESSION.sql_mode = CONCAT(CONCAT(@@sql_mode, ',STRICT_ALL_TABLES'), ',NO_AUTO_VALUE_ON_ZERO'),  @@SESSION.sql_auto_is_null = 0, @@SESSION.wait_timeout = 2147483[0m
Processing by PostsController#create as JS
  Parameters: {"authenticity_token"=>"/gAEi9MmPB7ILV/OLMcpOizap2HA3V694iMFYqWf5nIK37uV9Vpgo7GQvTVOUbezi3R521SrRSn5Tw11h5L3pw==", "content"=>"ã‚‚ã†é£Ÿã¹ã¾ã—ãŸ", "commit"=>"æŠ•ç¨¿ã™ã‚‹"}
  [1m[35m (0.2ms)[0m  [1m[35mBEGIN[0m
  â†³ app/controllers/posts_controller.rb:9:in `create'
  [1m[36mPost Create (0.3ms)[0m  [1m[32mINSERT INTO `posts` (`content`, `created_at`, `updated_at`) VALUES ('ã‚‚ã†é£Ÿã¹ã¾ã—ãŸ', '2020-08-06 07:40:43.905067', '2020-08-06 07:40:43.905067')[0m
  â†³ app/controllers/posts_controller.rb:9:in `create'
  [1m[35m (6.4ms)[0m  [1m[35mCOMMIT[0m
  â†³ app/controllers/posts_controller.rb:9:in `create'
Redirected to http://localhost:3000/
Completed 200 OK in 11ms (ActiveRecord: 6.9ms | Allocations: 2905)


Started GET "/" for ::1 at 2020-08-06 16:40:43 +0900
Processing by PostsController#index as HTML
  Rendering posts/index.html.erb within layouts/application
  [1m[36mPost Load (0.9ms)[0m  [1m[34mSELECT `posts`.* FROM `posts` ORDER BY `posts`.`id` DESC[0m
  â†³ app/views/posts/index.html.erb:7
  Rendered posts/index.html.erb within layouts/application (Duration: 3.6ms | Allocations: 1407)
[Webpacker] Everything's up-to-date. Nothing to do
Completed 200 OK in 23ms (Views: 20.8ms | ActiveRecord: 0.9ms | Allocations: 7181)


Started GET "/" for ::1 at 2020-08-06 17:30:27 +0900
  [1m[35m (0.2ms)[0m  [1m[35mSET NAMES utf8mb4,  @@SESSION.sql_mode = CONCAT(CONCAT(@@sql_mode, ',STRICT_ALL_TABLES'), ',NO_AUTO_VALUE_ON_ZERO'),  @@SESSION.sql_auto_is_null = 0, @@SESSION.wait_timeout = 2147483[0m
Processing by PostsController#index as HTML
  Rendering posts/index.html.erb within layouts/application
  [1m[36mPost Load (0.3ms)[0m  [1m[34mSELECT `posts`.* FROM `posts` ORDER BY `posts`.`id` DESC[0m
  â†³ app/views/posts/index.html.erb:7
  Rendered posts/index.html.erb within layouts/application (Duration: 6.1ms | Allocations: 4239)
[Webpacker] Compiling...
[Webpacker] Compiled all packs in /Users/reichima/project/AjaxApp/public/packs
[Webpacker] Hash: 7c88e4d71ee8e3612b56
Version: webpack 4.43.0
Time: 1171ms
Built at: 2020/08/06 17:30:30
                                     Asset       Size       Chunks                         Chunk Names
    js/application-64e6e22475c4c229cc7e.js    126 KiB  application  [emitted] [immutable]  application
js/application-64e6e22475c4c229cc7e.js.map    140 KiB  application  [emitted] [dev]        application
                             manifest.json  364 bytes               [emitted]              
Entrypoint application = js/application-64e6e22475c4c229cc7e.js js/application-64e6e22475c4c229cc7e.js.map
[./app/javascript/channels sync recursive _channel\.js$] ./app/javascript/channels sync _channel\.js$ 160 bytes {application} [built]
[./app/javascript/channels/index.js] 211 bytes {application} [built]
[./app/javascript/checked.js] 1.01 KiB {application} [built]
[./app/javascript/memo.js] 0 bytes {application} [built]
[./app/javascript/packs/application.js] 794 bytes {application} [built]
[./node_modules/webpack/buildin/module.js] (webpack)/buildin/module.js 552 bytes {application} [built]
    + 3 hidden modules

Completed 200 OK in 2788ms (Views: 2784.7ms | ActiveRecord: 0.3ms | Allocations: 15840)


Started GET "/posts/2" for ::1 at 2020-08-06 17:30:31 +0900
Processing by PostsController#checked as */*
  Parameters: {"id"=>"2"}
  [1m[36mPost Load (6.7ms)[0m  [1m[34mSELECT `posts`.* FROM `posts` WHERE `posts`.`id` = 2 LIMIT 1[0m
  â†³ app/controllers/posts_controller.rb:14:in `checked'
  [1m[35m (0.2ms)[0m  [1m[35mBEGIN[0m
  â†³ app/controllers/posts_controller.rb:18:in `checked'
  [1m[36mPost Update (3.0ms)[0m  [1m[33mUPDATE `posts` SET `posts`.`checked` = TRUE, `posts`.`updated_at` = '2020-08-06 08:30:31.181441' WHERE `posts`.`id` = 2[0m
  â†³ app/controllers/posts_controller.rb:18:in `checked'
  [1m[35m (3.9ms)[0m  [1m[35mCOMMIT[0m
  â†³ app/controllers/posts_controller.rb:18:in `checked'
  [1m[36mPost Load (0.5ms)[0m  [1m[34mSELECT `posts`.* FROM `posts` WHERE `posts`.`id` = 2 LIMIT 1[0m
  â†³ app/controllers/posts_controller.rb:21:in `checked'
Completed 200 OK in 24ms (Views: 0.4ms | ActiveRecord: 14.3ms | Allocations: 4629)


Started GET "/posts/1" for ::1 at 2020-08-06 17:30:32 +0900
Processing by PostsController#checked as */*
  Parameters: {"id"=>"1"}
  [1m[36mPost Load (1.1ms)[0m  [1m[34mSELECT `posts`.* FROM `posts` WHERE `posts`.`id` = 1 LIMIT 1[0m
  â†³ app/controllers/posts_controller.rb:14:in `checked'
  [1m[35m (0.2ms)[0m  [1m[35mBEGIN[0m
  â†³ app/controllers/posts_controller.rb:18:in `checked'
  [1m[36mPost Update (0.3ms)[0m  [1m[33mUPDATE `posts` SET `posts`.`checked` = TRUE, `posts`.`updated_at` = '2020-08-06 08:30:32.173466' WHERE `posts`.`id` = 1[0m
  â†³ app/controllers/posts_controller.rb:18:in `checked'
  [1m[35m (0.4ms)[0m  [1m[35mCOMMIT[0m
  â†³ app/controllers/posts_controller.rb:18:in `checked'
  [1m[36mPost Load (0.3ms)[0m  [1m[34mSELECT `posts`.* FROM `posts` WHERE `posts`.`id` = 1 LIMIT 1[0m
  â†³ app/controllers/posts_controller.rb:21:in `checked'
Completed 200 OK in 10ms (Views: 0.3ms | ActiveRecord: 2.2ms | Allocations: 4166)


Started POST "/posts" for ::1 at 2020-08-06 17:30:50 +0900
Processing by PostsController#create as JS
  Parameters: {"authenticity_token"=>"GOMPfsl4mljeqdnPRcVgiCOY2EqSMOt+MRhVH1nqCCBRX1EDHHXaNOqylBo9eImCHRx7JnoUH47S9pnXNUN2qg==", "content"=>"ã‚‚ã†é£Ÿã¹ã¾ã—ãŸ", "commit"=>"æŠ•ç¨¿ã™ã‚‹"}
  [1m[35m (0.2ms)[0m  [1m[35mBEGIN[0m
  â†³ app/controllers/posts_controller.rb:9:in `create'
  [1m[36mPost Create (0.2ms)[0m  [1m[32mINSERT INTO `posts` (`content`, `created_at`, `updated_at`) VALUES ('ã‚‚ã†é£Ÿã¹ã¾ã—ãŸ', '2020-08-06 08:30:50.476697', '2020-08-06 08:30:50.476697')[0m
  â†³ app/controllers/posts_controller.rb:9:in `create'
  [1m[35m (0.7ms)[0m  [1m[35mCOMMIT[0m
  â†³ app/controllers/posts_controller.rb:9:in `create'
Redirected to http://localhost:3000/
Completed 200 OK in 6ms (ActiveRecord: 1.1ms | Allocations: 3177)


Started GET "/" for ::1 at 2020-08-06 17:30:50 +0900
Processing by PostsController#index as HTML
  Rendering posts/index.html.erb within layouts/application
  [1m[36mPost Load (3.6ms)[0m  [1m[34mSELECT `posts`.* FROM `posts` ORDER BY `posts`.`id` DESC[0m
  â†³ app/views/posts/index.html.erb:7
  Rendered posts/index.html.erb within layouts/application (Duration: 5.9ms | Allocations: 1441)
[Webpacker] Everything's up-to-date. Nothing to do
Completed 200 OK in 15ms (Views: 10.1ms | ActiveRecord: 3.6ms | Allocations: 7278)


Started GET "/posts/3" for ::1 at 2020-08-06 17:30:51 +0900
Processing by PostsController#checked as */*
  Parameters: {"id"=>"3"}
  [1m[36mPost Load (0.3ms)[0m  [1m[34mSELECT `posts`.* FROM `posts` WHERE `posts`.`id` = 3 LIMIT 1[0m
  â†³ app/controllers/posts_controller.rb:14:in `checked'
  [1m[35m (0.1ms)[0m  [1m[35mBEGIN[0m
  â†³ app/controllers/posts_controller.rb:18:in `checked'
  [1m[36mPost Update (0.2ms)[0m  [1m[33mUPDATE `posts` SET `posts`.`checked` = TRUE, `posts`.`updated_at` = '2020-08-06 08:30:51.208650' WHERE `posts`.`id` = 3[0m
  â†³ app/controllers/posts_controller.rb:18:in `checked'
  [1m[35m (0.6ms)[0m  [1m[35mCOMMIT[0m
  â†³ app/controllers/posts_controller.rb:18:in `checked'
  [1m[36mPost Load (0.4ms)[0m  [1m[34mSELECT `posts`.* FROM `posts` WHERE `posts`.`id` = 3 LIMIT 1[0m
  â†³ app/controllers/posts_controller.rb:21:in `checked'
Completed 200 OK in 42ms (Views: 0.3ms | ActiveRecord: 1.7ms | Allocations: 4175)


Started GET "/posts/2" for ::1 at 2020-08-06 17:30:52 +0900
Processing by PostsController#checked as */*
  Parameters: {"id"=>"2"}
  [1m[36mPost Load (0.5ms)[0m  [1m[34mSELECT `posts`.* FROM `posts` WHERE `posts`.`id` = 2 LIMIT 1[0m
  â†³ app/controllers/posts_controller.rb:14:in `checked'
  [1m[35m (0.5ms)[0m  [1m[35mBEGIN[0m
  â†³ app/controllers/posts_controller.rb:16:in `checked'
  [1m[36mPost Update (2.6ms)[0m  [1m[33mUPDATE `posts` SET `posts`.`checked` = FALSE, `posts`.`updated_at` = '2020-08-06 08:30:52.173218' WHERE `posts`.`id` = 2[0m
  â†³ app/controllers/posts_controller.rb:16:in `checked'
  [1m[35m (0.5ms)[0m  [1m[35mCOMMIT[0m
  â†³ app/controllers/posts_controller.rb:16:in `checked'
  [1m[36mPost Load (0.2ms)[0m  [1m[34mSELECT `posts`.* FROM `posts` WHERE `posts`.`id` = 2 LIMIT 1[0m
  â†³ app/controllers/posts_controller.rb:21:in `checked'
Completed 200 OK in 11ms (Views: 0.4ms | ActiveRecord: 4.3ms | Allocations: 4155)


Started GET "/posts/1" for ::1 at 2020-08-06 17:30:53 +0900
Processing by PostsController#checked as */*
  Parameters: {"id"=>"1"}
  [1m[36mPost Load (0.6ms)[0m  [1m[34mSELECT `posts`.* FROM `posts` WHERE `posts`.`id` = 1 LIMIT 1[0m
  â†³ app/controllers/posts_controller.rb:14:in `checked'
  [1m[35m (0.6ms)[0m  [1m[35mBEGIN[0m
  â†³ app/controllers/posts_controller.rb:16:in `checked'
  [1m[36mPost Update (0.5ms)[0m  [1m[33mUPDATE `posts` SET `posts`.`checked` = FALSE, `posts`.`updated_at` = '2020-08-06 08:30:53.175870' WHERE `posts`.`id` = 1[0m
  â†³ app/controllers/posts_controller.rb:16:in `checked'
  [1m[35m (2.5ms)[0m  [1m[35mCOMMIT[0m
  â†³ app/controllers/posts_controller.rb:16:in `checked'
  [1m[36mPost Load (0.4ms)[0m  [1m[34mSELECT `posts`.* FROM `posts` WHERE `posts`.`id` = 1 LIMIT 1[0m
  â†³ app/controllers/posts_controller.rb:21:in `checked'
Completed 200 OK in 12ms (Views: 0.4ms | ActiveRecord: 4.7ms | Allocations: 4154)


Started POST "/posts" for ::1 at 2020-08-06 17:30:59 +0900
Processing by PostsController#create as JS
  Parameters: {"authenticity_token"=>"n6lDBG8UHTdq8OozHtSzc0qNLITUIHx8NpfIZsb0//1rdvwaSWhBihNNCMh8Qi367SPyPkBWZ+gt+8Bx5PnuKA==", "content"=>"ã‚‚ã†é£Ÿã¹ã¾ã—ãŸ", "commit"=>"æŠ•ç¨¿ã™ã‚‹"}
  [1m[35m (0.1ms)[0m  [1m[35mBEGIN[0m
  â†³ app/controllers/posts_controller.rb:9:in `create'
  [1m[36mPost Create (0.3ms)[0m  [1m[32mINSERT INTO `posts` (`content`, `created_at`, `updated_at`) VALUES ('ã‚‚ã†é£Ÿã¹ã¾ã—ãŸ', '2020-08-06 08:30:59.569808', '2020-08-06 08:30:59.569808')[0m
  â†³ app/controllers/posts_controller.rb:9:in `create'
  [1m[35m (1.1ms)[0m  [1m[35mCOMMIT[0m
  â†³ app/controllers/posts_controller.rb:9:in `create'
Redirected to http://localhost:3000/
Completed 200 OK in 5ms (ActiveRecord: 1.5ms | Allocations: 2889)


Started GET "/" for ::1 at 2020-08-06 17:30:59 +0900
Processing by PostsController#index as HTML
  Rendering posts/index.html.erb within layouts/application
  [1m[36mPost Load (2.1ms)[0m  [1m[34mSELECT `posts`.* FROM `posts` ORDER BY `posts`.`id` DESC[0m
  â†³ app/views/posts/index.html.erb:7
  Rendered posts/index.html.erb within layouts/application (Duration: 4.2ms | Allocations: 1468)
[Webpacker] Everything's up-to-date. Nothing to do
Completed 200 OK in 19ms (Views: 15.3ms | ActiveRecord: 2.1ms | Allocations: 7289)


Started GET "/posts/4" for ::1 at 2020-08-06 17:31:00 +0900
Processing by PostsController#checked as */*
  Parameters: {"id"=>"4"}
  [1m[36mPost Load (0.7ms)[0m  [1m[34mSELECT `posts`.* FROM `posts` WHERE `posts`.`id` = 4 LIMIT 1[0m
  â†³ app/controllers/posts_controller.rb:14:in `checked'
  [1m[35m (0.2ms)[0m  [1m[35mBEGIN[0m
  â†³ app/controllers/posts_controller.rb:18:in `checked'
  [1m[36mPost Update (0.4ms)[0m  [1m[33mUPDATE `posts` SET `posts`.`checked` = TRUE, `posts`.`updated_at` = '2020-08-06 08:31:00.174070' WHERE `posts`.`id` = 4[0m
  â†³ app/controllers/posts_controller.rb:18:in `checked'
  [1m[35m (0.4ms)[0m  [1m[35mCOMMIT[0m
  â†³ app/controllers/posts_controller.rb:18:in `checked'
  [1m[36mPost Load (0.2ms)[0m  [1m[34mSELECT `posts`.* FROM `posts` WHERE `posts`.`id` = 4 LIMIT 1[0m
  â†³ app/controllers/posts_controller.rb:21:in `checked'
Completed 200 OK in 7ms (Views: 0.3ms | ActiveRecord: 1.8ms | Allocations: 4166)


Started GET "/posts/3" for ::1 at 2020-08-06 17:31:01 +0900
Processing by PostsController#checked as */*
  Parameters: {"id"=>"3"}
  [1m[36mPost Load (0.4ms)[0m  [1m[34mSELECT `posts`.* FROM `posts` WHERE `posts`.`id` = 3 LIMIT 1[0m
  â†³ app/controllers/posts_controller.rb:14:in `checked'
  [1m[35m (0.1ms)[0m  [1m[35mBEGIN[0m
  â†³ app/controllers/posts_controller.rb:16:in `checked'
  [1m[36mPost Update (0.3ms)[0m  [1m[33mUPDATE `posts` SET `posts`.`checked` = FALSE, `posts`.`updated_at` = '2020-08-06 08:31:01.178040' WHERE `posts`.`id` = 3[0m
  â†³ app/controllers/posts_controller.rb:16:in `checked'
  [1m[35m (1.9ms)[0m  [1m[35mCOMMIT[0m
  â†³ app/controllers/posts_controller.rb:16:in `checked'
  [1m[36mPost Load (0.3ms)[0m  [1m[34mSELECT `posts`.* FROM `posts` WHERE `posts`.`id` = 3 LIMIT 1[0m
  â†³ app/controllers/posts_controller.rb:21:in `checked'
Completed 200 OK in 8ms (Views: 0.2ms | ActiveRecord: 2.9ms | Allocations: 4150)


Started GET "/posts/2" for ::1 at 2020-08-06 17:31:02 +0900
Processing by PostsController#checked as */*
  Parameters: {"id"=>"2"}
  [1m[36mPost Load (0.4ms)[0m  [1m[34mSELECT `posts`.* FROM `posts` WHERE `posts`.`id` = 2 LIMIT 1[0m
  â†³ app/controllers/posts_controller.rb:14:in `checked'
  [1m[35m (0.2ms)[0m  [1m[35mBEGIN[0m
  â†³ app/controllers/posts_controller.rb:18:in `checked'
  [1m[36mPost Update (0.3ms)[0m  [1m[33mUPDATE `posts` SET `posts`.`checked` = TRUE, `posts`.`updated_at` = '2020-08-06 08:31:02.178873' WHERE `posts`.`id` = 2[0m
  â†³ app/controllers/posts_controller.rb:18:in `checked'
  [1m[35m (1.7ms)[0m  [1m[35mCOMMIT[0m
  â†³ app/controllers/posts_controller.rb:18:in `checked'
  [1m[36mPost Load (0.4ms)[0m  [1m[34mSELECT `posts`.* FROM `posts` WHERE `posts`.`id` = 2 LIMIT 1[0m
  â†³ app/controllers/posts_controller.rb:21:in `checked'
Completed 200 OK in 10ms (Views: 0.3ms | ActiveRecord: 2.9ms | Allocations: 4150)


Started GET "/posts/1" for ::1 at 2020-08-06 17:31:03 +0900
Processing by PostsController#checked as */*
  Parameters: {"id"=>"1"}
  [1m[36mPost Load (0.8ms)[0m  [1m[34mSELECT `posts`.* FROM `posts` WHERE `posts`.`id` = 1 LIMIT 1[0m
  â†³ app/controllers/posts_controller.rb:14:in `checked'
  [1m[35m (0.2ms)[0m  [1m[35mBEGIN[0m
  â†³ app/controllers/posts_controller.rb:18:in `checked'
  [1m[36mPost Update (0.3ms)[0m  [1m[33mUPDATE `posts` SET `posts`.`checked` = TRUE, `posts`.`updated_at` = '2020-08-06 08:31:03.179137' WHERE `posts`.`id` = 1[0m
  â†³ app/controllers/posts_controller.rb:18:in `checked'
  [1m[35m (1.9ms)[0m  [1m[35mCOMMIT[0m
  â†³ app/controllers/posts_controller.rb:18:in `checked'
  [1m[36mPost Load (0.3ms)[0m  [1m[34mSELECT `posts`.* FROM `posts` WHERE `posts`.`id` = 1 LIMIT 1[0m
  â†³ app/controllers/posts_controller.rb:21:in `checked'
Completed 200 OK in 10ms (Views: 0.3ms | ActiveRecord: 3.4ms | Allocations: 4168)


Started POST "/posts" for ::1 at 2020-08-06 17:31:09 +0900
Processing by PostsController#create as JS
  Parameters: {"authenticity_token"=>"KQRr3jtngSJKwZcIWRt6r+Ftw9ehwUiZRnCOjwHaGxnd29TAHRvdnzN8dfM7jeQmRsMdbTW3Uw1dHIaYI9cKzA==", "content"=>"ã‚‚ã†é£Ÿã¹ã¾ã—ãŸ", "commit"=>"æŠ•ç¨¿ã™ã‚‹"}
  [1m[35m (0.1ms)[0m  [1m[35mBEGIN[0m
  â†³ app/controllers/posts_controller.rb:9:in `create'
  [1m[36mPost Create (0.2ms)[0m  [1m[32mINSERT INTO `posts` (`content`, `created_at`, `updated_at`) VALUES ('ã‚‚ã†é£Ÿã¹ã¾ã—ãŸ', '2020-08-06 08:31:09.393409', '2020-08-06 08:31:09.393409')[0m
  â†³ app/controllers/posts_controller.rb:9:in `create'
  [1m[35m (0.5ms)[0m  [1m[35mCOMMIT[0m
  â†³ app/controllers/posts_controller.rb:9:in `create'
Redirected to http://localhost:3000/
Completed 200 OK in 4ms (ActiveRecord: 0.8ms | Allocations: 2903)


Started GET "/" for ::1 at 2020-08-06 17:31:09 +0900
Processing by PostsController#index as HTML
  Rendering posts/index.html.erb within layouts/application
  [1m[36mPost Load (2.6ms)[0m  [1m[34mSELECT `posts`.* FROM `posts` ORDER BY `posts`.`id` DESC[0m
  â†³ app/views/posts/index.html.erb:7
  Rendered posts/index.html.erb within layouts/application (Duration: 4.7ms | Allocations: 1495)
[Webpacker] Everything's up-to-date. Nothing to do
Completed 200 OK in 14ms (Views: 9.7ms | ActiveRecord: 2.6ms | Allocations: 7307)


Started GET "/posts/5" for ::1 at 2020-08-06 17:31:10 +0900
Processing by PostsController#checked as */*
  Parameters: {"id"=>"5"}
  [1m[36mPost Load (0.6ms)[0m  [1m[34mSELECT `posts`.* FROM `posts` WHERE `posts`.`id` = 5 LIMIT 1[0m
  â†³ app/controllers/posts_controller.rb:14:in `checked'
  [1m[35m (0.5ms)[0m  [1m[35mBEGIN[0m
  â†³ app/controllers/posts_controller.rb:18:in `checked'
  [1m[36mPost Update (0.3ms)[0m  [1m[33mUPDATE `posts` SET `posts`.`checked` = TRUE, `posts`.`updated_at` = '2020-08-06 08:31:10.178885' WHERE `posts`.`id` = 5[0m
  â†³ app/controllers/posts_controller.rb:18:in `checked'
  [1m[35m (0.5ms)[0m  [1m[35mCOMMIT[0m
  â†³ app/controllers/posts_controller.rb:18:in `checked'
  [1m[36mPost Load (0.4ms)[0m  [1m[34mSELECT `posts`.* FROM `posts` WHERE `posts`.`id` = 5 LIMIT 1[0m
  â†³ app/controllers/posts_controller.rb:21:in `checked'
Completed 200 OK in 10ms (Views: 0.3ms | ActiveRecord: 2.3ms | Allocations: 4162)


Started GET "/posts/4" for ::1 at 2020-08-06 17:31:11 +0900
Processing by PostsController#checked as */*
  Parameters: {"id"=>"4"}
  [1m[36mPost Load (0.4ms)[0m  [1m[34mSELECT `posts`.* FROM `posts` WHERE `posts`.`id` = 4 LIMIT 1[0m
  â†³ app/controllers/posts_controller.rb:14:in `checked'
  [1m[35m (0.3ms)[0m  [1m[35mBEGIN[0m
  â†³ app/controllers/posts_controller.rb:16:in `checked'
  [1m[36mPost Update (0.3ms)[0m  [1m[33mUPDATE `posts` SET `posts`.`checked` = FALSE, `posts`.`updated_at` = '2020-08-06 08:31:11.172879' WHERE `posts`.`id` = 4[0m
  â†³ app/controllers/posts_controller.rb:16:in `checked'
  [1m[35m (1.9ms)[0m  [1m[35mCOMMIT[0m
  â†³ app/controllers/posts_controller.rb:16:in `checked'
  [1m[36mPost Load (0.3ms)[0m  [1m[34mSELECT `posts`.* FROM `posts` WHERE `posts`.`id` = 4 LIMIT 1[0m
  â†³ app/controllers/posts_controller.rb:21:in `checked'
Completed 200 OK in 10ms (Views: 0.5ms | ActiveRecord: 3.1ms | Allocations: 4159)


Started GET "/posts/3" for ::1 at 2020-08-06 17:31:12 +0900
Processing by PostsController#checked as */*
  Parameters: {"id"=>"3"}
  [1m[36mPost Load (0.4ms)[0m  [1m[34mSELECT `posts`.* FROM `posts` WHERE `posts`.`id` = 3 LIMIT 1[0m
  â†³ app/controllers/posts_controller.rb:14:in `checked'
  [1m[35m (0.1ms)[0m  [1m[35mBEGIN[0m
  â†³ app/controllers/posts_controller.rb:18:in `checked'
  [1m[36mPost Update (0.4ms)[0m  [1m[33mUPDATE `posts` SET `posts`.`checked` = TRUE, `posts`.`updated_at` = '2020-08-06 08:31:12.178653' WHERE `posts`.`id` = 3[0m
  â†³ app/controllers/posts_controller.rb:18:in `checked'
  [1m[35m (2.3ms)[0m  [1m[35mCOMMIT[0m
  â†³ app/controllers/posts_controller.rb:18:in `checked'
  [1m[36mPost Load (0.3ms)[0m  [1m[34mSELECT `posts`.* FROM `posts` WHERE `posts`.`id` = 3 LIMIT 1[0m
  â†³ app/controllers/posts_controller.rb:21:in `checked'
Completed 200 OK in 11ms (Views: 0.3ms | ActiveRecord: 3.6ms | Allocations: 4160)


Started GET "/posts/2" for ::1 at 2020-08-06 17:31:13 +0900
Processing by PostsController#checked as */*
  Parameters: {"id"=>"2"}
  [1m[36mPost Load (0.3ms)[0m  [1m[34mSELECT `posts`.* FROM `posts` WHERE `posts`.`id` = 2 LIMIT 1[0m
  â†³ app/controllers/posts_controller.rb:14:in `checked'
  [1m[35m (0.1ms)[0m  [1m[35mBEGIN[0m
  â†³ app/controllers/posts_controller.rb:16:in `checked'
  [1m[36mPost Update (0.3ms)[0m  [1m[33mUPDATE `posts` SET `posts`.`checked` = FALSE, `posts`.`updated_at` = '2020-08-06 08:31:13.175282' WHERE `posts`.`id` = 2[0m
  â†³ app/controllers/posts_controller.rb:16:in `checked'
  [1m[35m (2.0ms)[0m  [1m[35mCOMMIT[0m
  â†³ app/controllers/posts_controller.rb:16:in `checked'
  [1m[36mPost Load (0.3ms)[0m  [1m[34mSELECT `posts`.* FROM `posts` WHERE `posts`.`id` = 2 LIMIT 1[0m
  â†³ app/controllers/posts_controller.rb:21:in `checked'
Completed 200 OK in 8ms (Views: 0.2ms | ActiveRecord: 2.9ms | Allocations: 4158)


Started GET "/posts/1" for ::1 at 2020-08-06 17:31:14 +0900
Processing by PostsController#checked as */*
  Parameters: {"id"=>"1"}
  [1m[36mPost Load (0.5ms)[0m  [1m[34mSELECT `posts`.* FROM `posts` WHERE `posts`.`id` = 1 LIMIT 1[0m
  â†³ app/controllers/posts_controller.rb:14:in `checked'
  [1m[35m (0.1ms)[0m  [1m[35mBEGIN[0m
  â†³ app/controllers/posts_controller.rb:16:in `checked'
  [1m[36mPost Update (0.2ms)[0m  [1m[33mUPDATE `posts` SET `posts`.`checked` = FALSE, `posts`.`updated_at` = '2020-08-06 08:31:14.176842' WHERE `posts`.`id` = 1[0m
  â†³ app/controllers/posts_controller.rb:16:in `checked'
  [1m[35m (1.9ms)[0m  [1m[35mCOMMIT[0m
  â†³ app/controllers/posts_controller.rb:16:in `checked'
  [1m[36mPost Load (0.3ms)[0m  [1m[34mSELECT `posts`.* FROM `posts` WHERE `posts`.`id` = 1 LIMIT 1[0m
  â†³ app/controllers/posts_controller.rb:21:in `checked'
Completed 200 OK in 8ms (Views: 0.2ms | ActiveRecord: 2.9ms | Allocations: 4150)


Started POST "/posts" for ::1 at 2020-08-06 17:34:44 +0900
Processing by PostsController#create as JS
  Parameters: {"authenticity_token"=>"ywKqBkg8eE8Yp0cumUUwTa4YkZYaisTs+rDVPJyZzLM/3RUYbkAk8mEapdX7067ECbZPLI7833jh3N0rvpTdZg==", "content"=>"ã‚‚ã†é£Ÿã¹ã¾ã—ãŸ", "commit"=>"æŠ•ç¨¿ã™ã‚‹"}
  [1m[35m (0.2ms)[0m  [1m[35mBEGIN[0m
  â†³ app/controllers/posts_controller.rb:9:in `create'
  [1m[36mPost Create (0.2ms)[0m  [1m[32mINSERT INTO `posts` (`content`, `created_at`, `updated_at`) VALUES ('ã‚‚ã†é£Ÿã¹ã¾ã—ãŸ', '2020-08-06 08:34:44.594546', '2020-08-06 08:34:44.594546')[0m
  â†³ app/controllers/posts_controller.rb:9:in `create'
  [1m[35m (6.2ms)[0m  [1m[35mCOMMIT[0m
  â†³ app/controllers/posts_controller.rb:9:in `create'
Redirected to http://localhost:3000/
Completed 200 OK in 11ms (ActiveRecord: 6.6ms | Allocations: 2895)


Started GET "/" for ::1 at 2020-08-06 17:34:44 +0900
Processing by PostsController#index as HTML
  Rendering posts/index.html.erb within layouts/application
  [1m[36mPost Load (3.7ms)[0m  [1m[34mSELECT `posts`.* FROM `posts` ORDER BY `posts`.`id` DESC[0m
  â†³ app/views/posts/index.html.erb:7
  Rendered posts/index.html.erb within layouts/application (Duration: 6.2ms | Allocations: 1523)
[Webpacker] Compiling...
[Webpacker] Compiled all packs in /Users/reichima/project/AjaxApp/public/packs
[Webpacker] Hash: 15d301a9bc2051d2be71
Version: webpack 4.43.0
Time: 1425ms
Built at: 2020/08/06 17:34:49
                                     Asset       Size       Chunks                         Chunk Names
    js/application-6a2cfe1678695001f31c.js    126 KiB  application  [emitted] [immutable]  application
js/application-6a2cfe1678695001f31c.js.map    140 KiB  application  [emitted] [dev]        application
                             manifest.json  364 bytes               [emitted]              
Entrypoint application = js/application-6a2cfe1678695001f31c.js js/application-6a2cfe1678695001f31c.js.map
[./app/javascript/channels sync recursive _channel\.js$] ./app/javascript/channels sync _channel\.js$ 160 bytes {application} [built]
[./app/javascript/channels/index.js] 211 bytes {application} [built]
[./app/javascript/checked.js] 1.05 KiB {application} [built]
[./app/javascript/memo.js] 0 bytes {application} [built]
[./app/javascript/packs/application.js] 794 bytes {application} [built]
[./node_modules/webpack/buildin/module.js] (webpack)/buildin/module.js 552 bytes {application} [built]
    + 3 hidden modules

Completed 200 OK in 4654ms (Views: 4649.5ms | ActiveRecord: 3.7ms | Allocations: 8481)


Started GET "/" for ::1 at 2020-08-06 17:34:49 +0900
Processing by PostsController#index as HTML
  Rendering posts/index.html.erb within layouts/application
  [1m[36mPost Load (0.8ms)[0m  [1m[34mSELECT `posts`.* FROM `posts` ORDER BY `posts`.`id` DESC[0m
  â†³ app/views/posts/index.html.erb:7
  Rendered posts/index.html.erb within layouts/application (Duration: 3.6ms | Allocations: 1521)
[Webpacker] Everything's up-to-date. Nothing to do
Completed 200 OK in 19ms (Views: 17.6ms | ActiveRecord: 0.8ms | Allocations: 7335)


Started GET "/posts/6" for ::1 at 2020-08-06 17:34:50 +0900
Processing by PostsController#checked as */*
  Parameters: {"id"=>"6"}
  [1m[36mPost Load (0.3ms)[0m  [1m[34mSELECT `posts`.* FROM `posts` WHERE `posts`.`id` = 6 LIMIT 1[0m
  â†³ app/controllers/posts_controller.rb:14:in `checked'
  [1m[35m (0.1ms)[0m  [1m[35mBEGIN[0m
  â†³ app/controllers/posts_controller.rb:18:in `checked'
  [1m[36mPost Update (0.3ms)[0m  [1m[33mUPDATE `posts` SET `posts`.`checked` = TRUE, `posts`.`updated_at` = '2020-08-06 08:34:50.947653' WHERE `posts`.`id` = 6[0m
  â†³ app/controllers/posts_controller.rb:18:in `checked'
  [1m[35m (0.8ms)[0m  [1m[35mCOMMIT[0m
  â†³ app/controllers/posts_controller.rb:18:in `checked'
  [1m[36mPost Load (0.3ms)[0m  [1m[34mSELECT `posts`.* FROM `posts` WHERE `posts`.`id` = 6 LIMIT 1[0m
  â†³ app/controllers/posts_controller.rb:21:in `checked'
Completed 200 OK in 7ms (Views: 0.3ms | ActiveRecord: 1.7ms | Allocations: 4166)


Started GET "/posts/4" for ::1 at 2020-08-06 17:34:51 +0900
Processing by PostsController#checked as */*
  Parameters: {"id"=>"4"}
  [1m[36mPost Load (0.3ms)[0m  [1m[34mSELECT `posts`.* FROM `posts` WHERE `posts`.`id` = 4 LIMIT 1[0m
  â†³ app/controllers/posts_controller.rb:14:in `checked'
  [1m[35m (0.1ms)[0m  [1m[35mBEGIN[0m
  â†³ app/controllers/posts_controller.rb:18:in `checked'
  [1m[36mPost Update (0.3ms)[0m  [1m[33mUPDATE `posts` SET `posts`.`checked` = TRUE, `posts`.`updated_at` = '2020-08-06 08:34:51.973644' WHERE `posts`.`id` = 4[0m
  â†³ app/controllers/posts_controller.rb:18:in `checked'
  [1m[35m (0.5ms)[0m  [1m[35mCOMMIT[0m
  â†³ app/controllers/posts_controller.rb:18:in `checked'
  [1m[36mPost Load (0.2ms)[0m  [1m[34mSELECT `posts`.* FROM `posts` WHERE `posts`.`id` = 4 LIMIT 1[0m
  â†³ app/controllers/posts_controller.rb:21:in `checked'
Completed 200 OK in 7ms (Views: 0.3ms | ActiveRecord: 1.5ms | Allocations: 4170)


Started GET "/posts/2" for ::1 at 2020-08-06 17:34:53 +0900
Processing by PostsController#checked as */*
  Parameters: {"id"=>"2"}
  [1m[36mPost Load (0.3ms)[0m  [1m[34mSELECT `posts`.* FROM `posts` WHERE `posts`.`id` = 2 LIMIT 1[0m
  â†³ app/controllers/posts_controller.rb:14:in `checked'
  [1m[35m (0.1ms)[0m  [1m[35mBEGIN[0m
  â†³ app/controllers/posts_controller.rb:18:in `checked'
  [1m[36mPost Update (0.3ms)[0m  [1m[33mUPDATE `posts` SET `posts`.`checked` = TRUE, `posts`.`updated_at` = '2020-08-06 08:34:53.389090' WHERE `posts`.`id` = 2[0m
  â†³ app/controllers/posts_controller.rb:18:in `checked'
  [1m[35m (0.6ms)[0m  [1m[35mCOMMIT[0m
  â†³ app/controllers/posts_controller.rb:18:in `checked'
  [1m[36mPost Load (0.3ms)[0m  [1m[34mSELECT `posts`.* FROM `posts` WHERE `posts`.`id` = 2 LIMIT 1[0m
  â†³ app/controllers/posts_controller.rb:21:in `checked'
Completed 200 OK in 8ms (Views: 0.5ms | ActiveRecord: 1.7ms | Allocations: 4158)


Started GET "/posts/1" for ::1 at 2020-08-06 17:34:55 +0900
Processing by PostsController#checked as */*
  Parameters: {"id"=>"1"}
  [1m[36mPost Load (0.3ms)[0m  [1m[34mSELECT `posts`.* FROM `posts` WHERE `posts`.`id` = 1 LIMIT 1[0m
  â†³ app/controllers/posts_controller.rb:14:in `checked'
  [1m[35m (0.1ms)[0m  [1m[35mBEGIN[0m
  â†³ app/controllers/posts_controller.rb:18:in `checked'
  [1m[36mPost Update (0.2ms)[0m  [1m[33mUPDATE `posts` SET `posts`.`checked` = TRUE, `posts`.`updated_at` = '2020-08-06 08:34:55.009756' WHERE `posts`.`id` = 1[0m
  â†³ app/controllers/posts_controller.rb:18:in `checked'
  [1m[35m (0.5ms)[0m  [1m[35mCOMMIT[0m
  â†³ app/controllers/posts_controller.rb:18:in `checked'
  [1m[36mPost Load (0.3ms)[0m  [1m[34mSELECT `posts`.* FROM `posts` WHERE `posts`.`id` = 1 LIMIT 1[0m
  â†³ app/controllers/posts_controller.rb:21:in `checked'
Completed 200 OK in 7ms (Views: 0.3ms | ActiveRecord: 1.5ms | Allocations: 4146)


Started GET "/posts/2" for ::1 at 2020-08-06 17:34:55 +0900
Processing by PostsController#checked as */*
  Parameters: {"id"=>"2"}
  [1m[36mPost Load (0.3ms)[0m  [1m[34mSELECT `posts`.* FROM `posts` WHERE `posts`.`id` = 2 LIMIT 1[0m
  â†³ app/controllers/posts_controller.rb:14:in `checked'
  [1m[35m (0.1ms)[0m  [1m[35mBEGIN[0m
  â†³ app/controllers/posts_controller.rb:16:in `checked'
  [1m[36mPost Update (0.2ms)[0m  [1m[33mUPDATE `posts` SET `posts`.`checked` = FALSE, `posts`.`updated_at` = '2020-08-06 08:34:55.583320' WHERE `posts`.`id` = 2[0m
  â†³ app/controllers/posts_controller.rb:16:in `checked'
  [1m[35m (1.9ms)[0m  [1m[35mCOMMIT[0m
  â†³ app/controllers/posts_controller.rb:16:in `checked'
  [1m[36mPost Load (0.2ms)[0m  [1m[34mSELECT `posts`.* FROM `posts` WHERE `posts`.`id` = 2 LIMIT 1[0m
  â†³ app/controllers/posts_controller.rb:21:in `checked'
Completed 200 OK in 8ms (Views: 0.4ms | ActiveRecord: 2.7ms | Allocations: 4158)


Started GET "/posts/2" for ::1 at 2020-08-06 17:34:56 +0900
Processing by PostsController#checked as */*
  Parameters: {"id"=>"2"}
  [1m[36mPost Load (0.3ms)[0m  [1m[34mSELECT `posts`.* FROM `posts` WHERE `posts`.`id` = 2 LIMIT 1[0m
  â†³ app/controllers/posts_controller.rb:14:in `checked'
  [1m[35m (0.1ms)[0m  [1m[35mBEGIN[0m
  â†³ app/controllers/posts_controller.rb:18:in `checked'
  [1m[36mPost Update (0.2ms)[0m  [1m[33mUPDATE `posts` SET `posts`.`checked` = TRUE, `posts`.`updated_at` = '2020-08-06 08:34:56.511895' WHERE `posts`.`id` = 2[0m
  â†³ app/controllers/posts_controller.rb:18:in `checked'
  [1m[35m (1.7ms)[0m  [1m[35mCOMMIT[0m
  â†³ app/controllers/posts_controller.rb:18:in `checked'
  [1m[36mPost Load (0.3ms)[0m  [1m[34mSELECT `posts`.* FROM `posts` WHERE `posts`.`id` = 2 LIMIT 1[0m
  â†³ app/controllers/posts_controller.rb:21:in `checked'
Completed 200 OK in 8ms (Views: 0.3ms | ActiveRecord: 2.5ms | Allocations: 4156)


Started GET "/posts/3" for ::1 at 2020-08-06 17:34:57 +0900
Processing by PostsController#checked as */*
  Parameters: {"id"=>"3"}
  [1m[36mPost Load (0.2ms)[0m  [1m[34mSELECT `posts`.* FROM `posts` WHERE `posts`.`id` = 3 LIMIT 1[0m
  â†³ app/controllers/posts_controller.rb:14:in `checked'
  [1m[35m (0.1ms)[0m  [1m[35mBEGIN[0m
  â†³ app/controllers/posts_controller.rb:16:in `checked'
  [1m[36mPost Update (0.2ms)[0m  [1m[33mUPDATE `posts` SET `posts`.`checked` = FALSE, `posts`.`updated_at` = '2020-08-06 08:34:57.335472' WHERE `posts`.`id` = 3[0m
  â†³ app/controllers/posts_controller.rb:16:in `checked'
  [1m[35m (0.5ms)[0m  [1m[35mCOMMIT[0m
  â†³ app/controllers/posts_controller.rb:16:in `checked'
  [1m[36mPost Load (0.3ms)[0m  [1m[34mSELECT `posts`.* FROM `posts` WHERE `posts`.`id` = 3 LIMIT 1[0m
  â†³ app/controllers/posts_controller.rb:21:in `checked'
Completed 200 OK in 6ms (Views: 0.3ms | ActiveRecord: 1.3ms | Allocations: 4150)


Started GET "/posts/3" for ::1 at 2020-08-06 17:34:57 +0900
Processing by PostsController#checked as */*
  Parameters: {"id"=>"3"}
  [1m[36mPost Load (0.2ms)[0m  [1m[34mSELECT `posts`.* FROM `posts` WHERE `posts`.`id` = 3 LIMIT 1[0m
  â†³ app/controllers/posts_controller.rb:14:in `checked'
  [1m[35m (0.2ms)[0m  [1m[35mBEGIN[0m
  â†³ app/controllers/posts_controller.rb:18:in `checked'
  [1m[36mPost Update (0.3ms)[0m  [1m[33mUPDATE `posts` SET `posts`.`checked` = TRUE, `posts`.`updated_at` = '2020-08-06 08:34:57.900254' WHERE `posts`.`id` = 3[0m
  â†³ app/controllers/posts_controller.rb:18:in `checked'
  [1m[35m (1.8ms)[0m  [1m[35mCOMMIT[0m
  â†³ app/controllers/posts_controller.rb:18:in `checked'
  [1m[36mPost Load (0.2ms)[0m  [1m[34mSELECT `posts`.* FROM `posts` WHERE `posts`.`id` = 3 LIMIT 1[0m
  â†³ app/controllers/posts_controller.rb:21:in `checked'
Completed 200 OK in 8ms (Views: 0.3ms | ActiveRecord: 2.7ms | Allocations: 4172)


Started GET "/posts/5" for ::1 at 2020-08-06 17:35:01 +0900
Processing by PostsController#checked as */*
  Parameters: {"id"=>"5"}
  [1m[36mPost Load (0.3ms)[0m  [1m[34mSELECT `posts`.* FROM `posts` WHERE `posts`.`id` = 5 LIMIT 1[0m
  â†³ app/controllers/posts_controller.rb:14:in `checked'
  [1m[35m (0.1ms)[0m  [1m[35mBEGIN[0m
  â†³ app/controllers/posts_controller.rb:16:in `checked'
  [1m[36mPost Update (0.3ms)[0m  [1m[33mUPDATE `posts` SET `posts`.`checked` = FALSE, `posts`.`updated_at` = '2020-08-06 08:35:01.809831' WHERE `posts`.`id` = 5[0m
  â†³ app/controllers/posts_controller.rb:16:in `checked'
  [1m[35m (0.6ms)[0m  [1m[35mCOMMIT[0m
  â†³ app/controllers/posts_controller.rb:16:in `checked'
  [1m[36mPost Load (0.2ms)[0m  [1m[34mSELECT `posts`.* FROM `posts` WHERE `posts`.`id` = 5 LIMIT 1[0m
  â†³ app/controllers/posts_controller.rb:21:in `checked'
Completed 200 OK in 7ms (Views: 0.3ms | ActiveRecord: 1.5ms | Allocations: 4158)


Started GET "/posts/5" for ::1 at 2020-08-06 17:35:02 +0900
Processing by PostsController#checked as */*
  Parameters: {"id"=>"5"}
  [1m[36mPost Load (0.3ms)[0m  [1m[34mSELECT `posts`.* FROM `posts` WHERE `posts`.`id` = 5 LIMIT 1[0m
  â†³ app/controllers/posts_controller.rb:14:in `checked'
  [1m[35m (0.1ms)[0m  [1m[35mBEGIN[0m
  â†³ app/controllers/posts_controller.rb:18:in `checked'
  [1m[36mPost Update (0.3ms)[0m  [1m[33mUPDATE `posts` SET `posts`.`checked` = TRUE, `posts`.`updated_at` = '2020-08-06 08:35:02.308892' WHERE `posts`.`id` = 5[0m
  â†³ app/controllers/posts_controller.rb:18:in `checked'
  [1m[35m (1.9ms)[0m  [1m[35mCOMMIT[0m
  â†³ app/controllers/posts_controller.rb:18:in `checked'
  [1m[36mPost Load (0.3ms)[0m  [1m[34mSELECT `posts`.* FROM `posts` WHERE `posts`.`id` = 5 LIMIT 1[0m
  â†³ app/controllers/posts_controller.rb:21:in `checked'
Completed 200 OK in 9ms (Views: 0.3ms | ActiveRecord: 2.8ms | Allocations: 4154)


